<?xml version="1.0" encoding="UTF-8"?>
<!-- Generated by org.testng.reporters.JUnitXMLReporter -->
<testsuite hostname="user-PC" ignored="0" name="Default test" tests="8" failures="0" timestamp="2022-06-16T20:04:21 GST" time="50.321" errors="0">
  <testcase name="f" time="0.014" classname="com.sevenrmart.qa.testcases.BasePageTest"/>
  <testcase name="beforeTest" time="4.532" classname="com.sevenrmart.qa.testcases.VerifyExpenceCategoryPageTest"/>
  <testcase name="openManageExpense" time="0.537" classname="com.sevenrmart.qa.testcases.VerifyExpenceCategoryPageTest"/>
  <testcase name="clickExpenseCategory" time="1.127" classname="com.sevenrmart.qa.testcases.VerifyExpenceCategoryPageTest"/>
  <testcase name="addNewCategory" time="1.19" classname="com.sevenrmart.qa.testcases.VerifyExpenceCategoryPageTest"/>
  <testcase name="addDuplicateCategory" time="0.811" classname="com.sevenrmart.qa.testcases.VerifyExpenceCategoryPageTest"/>
  <testcase name="searchCategory" time="0.794" classname="com.sevenrmart.qa.testcases.VerifyExpenceCategoryPageTest"/>
  <testcase name="deleteCategory" time="1.249" classname="com.sevenrmart.qa.testcases.VerifyExpenceCategoryPageTest"/>
</testsuite> <!-- Default test -->
