<?xml version="1.0" encoding="UTF-8"?>
<!-- Generated by org.testng.reporters.JUnitXMLReporter -->
<testsuite hostname="user-PC" ignored="6" name="Test" tests="1" failures="0" timestamp="2022-06-10T07:02:37 GST" time="25.458" errors="0">
  <testcase name="loginAction" time="3.408" classname="com.sevenrmart.qa.testcases.VerifyLoginPageTest"/>
  <testcase name="addNewCategory" time="0.0" classname="com.sevenrmart.qa.testcases.VerifyExpenceCategoryPageTest">
    <ignored/>
  </testcase> <!-- addNewCategory -->
  <testcase name="openManageExpense" time="0.0" classname="com.sevenrmart.qa.testcases.VerifyExpenceCategoryPageTest">
    <ignored/>
  </testcase> <!-- openManageExpense -->
  <testcase name="f" time="0.0" classname="com.sevenrmart.qa.testcases.BasePageTest">
    <ignored/>
  </testcase> <!-- f -->
  <testcase name="beforeTest" time="0.0" classname="com.sevenrmart.qa.testcases.VerifyExpenceCategoryPageTest">
    <ignored/>
  </testcase> <!-- beforeTest -->
  <testcase name="f" time="0.0" classname="com.sevenrmart.qa.testcases.BasePageTest">
    <ignored/>
  </testcase> <!-- f -->
  <testcase name="clickExpenseCategory" time="0.0" classname="com.sevenrmart.qa.testcases.VerifyExpenceCategoryPageTest">
    <ignored/>
  </testcase> <!-- clickExpenseCategory -->
</testsuite> <!-- Test -->
