<?xml version="1.0" encoding="UTF-8"?>
<testng-results skipped="0" failed="0" ignored="0" total="4" passed="4">
  <reporter-output>
  </reporter-output>
  <suite name="Suite" duration-ms="43896" started-at="2022-06-07T07:01:22 GST" finished-at="2022-06-07T07:02:06 GST">
    <groups>
    </groups>
    <test name="Test1" duration-ms="20178" started-at="2022-06-07T07:01:22 GST" finished-at="2022-06-07T07:01:43 GST">
      <class name="com.sevenrmart.qa.testcases.VerifyLoginPageTest">
        <test-method status="PASS" signature="beforeTest()[pri:0, instance:com.sevenrmart.qa.testcases.VerifyLoginPageTest@3891771e]" name="beforeTest" is-config="true" duration-ms="12" started-at="2022-06-07T07:01:23 GST" finished-at="2022-06-07T07:01:23 GST">
          <reporter-output>
          </reporter-output>
        </test-method> <!-- beforeTest -->
        <test-method status="PASS" signature="setUp(java.lang.String)[pri:0, instance:com.sevenrmart.qa.testcases.VerifyLoginPageTest@3891771e]" name="setUp" is-config="true" duration-ms="14839" started-at="2022-06-07T07:01:23 GST" finished-at="2022-06-07T07:01:37 GST">
          <params>
            <param index="0">
              <value>
                <![CDATA[edge]]>
              </value>
            </param>
          </params>
          <reporter-output>
          </reporter-output>
        </test-method> <!-- setUp -->
        <test-method status="PASS" signature="f()[pri:0, instance:com.sevenrmart.qa.testcases.VerifyLoginPageTest@3891771e]" name="f" duration-ms="24" started-at="2022-06-07T07:01:37 GST" finished-at="2022-06-07T07:01:37 GST">
          <reporter-output>
          </reporter-output>
        </test-method> <!-- f -->
        <test-method status="PASS" signature="takeScreenShotOnFailure(org.testng.ITestResult)[pri:0, instance:com.sevenrmart.qa.testcases.VerifyLoginPageTest@3891771e]" name="takeScreenShotOnFailure" is-config="true" duration-ms="2" started-at="2022-06-07T07:01:37 GST" finished-at="2022-06-07T07:01:37 GST">
          <params>
            <param index="0">
              <value>
                <![CDATA[[TestResult name=f status=SUCCESS method=BasePageTest.f()[pri:0, instance:com.sevenrmart.qa.testcases.VerifyLoginPageTest@3891771e] output={null}]]]>
              </value>
            </param>
          </params>
          <reporter-output>
          </reporter-output>
        </test-method> <!-- takeScreenShotOnFailure -->
        <test-method status="PASS" signature="loginAction(java.lang.String,java.lang.String)[pri:1, instance:com.sevenrmart.qa.testcases.VerifyLoginPageTest@3891771e]" name="loginAction" duration-ms="3594" started-at="2022-06-07T07:01:39 GST" data-provider="userData" finished-at="2022-06-07T07:01:43 GST">
          <params>
            <param index="0">
              <value>
                <![CDATA[admin]]>
              </value>
            </param>
            <param index="1">
              <value>
                <![CDATA[admin]]>
              </value>
            </param>
          </params>
          <reporter-output>
          </reporter-output>
        </test-method> <!-- loginAction -->
        <test-method status="PASS" signature="takeScreenShotOnFailure(org.testng.ITestResult)[pri:0, instance:com.sevenrmart.qa.testcases.VerifyLoginPageTest@3891771e]" name="takeScreenShotOnFailure" is-config="true" duration-ms="1" started-at="2022-06-07T07:01:43 GST" finished-at="2022-06-07T07:01:43 GST">
          <params>
            <param index="0">
              <value>
                <![CDATA[[TestResult name=loginAction status=SUCCESS method=VerifyLoginPageTest.loginAction(java.lang.String,java.lang.String)[pri:1, instance:com.sevenrmart.qa.testcases.VerifyLoginPageTest@3891771e] output={null}]]]>
              </value>
            </param>
          </params>
          <reporter-output>
          </reporter-output>
        </test-method> <!-- takeScreenShotOnFailure -->
        <test-method status="PASS" signature="afterTest()[pri:0, instance:com.sevenrmart.qa.testcases.VerifyLoginPageTest@3891771e]" name="afterTest" is-config="true" duration-ms="1" started-at="2022-06-07T07:01:43 GST" finished-at="2022-06-07T07:01:43 GST">
          <reporter-output>
          </reporter-output>
        </test-method> <!-- afterTest -->
      </class> <!-- com.sevenrmart.qa.testcases.VerifyLoginPageTest -->
    </test> <!-- Test1 -->
    <test name="Test2" duration-ms="23604" started-at="2022-06-07T07:01:43 GST" finished-at="2022-06-07T07:02:06 GST">
      <class name="com.sevenrmart.qa.testcases.VerifyLoginPageTest">
        <test-method status="PASS" signature="beforeTest()[pri:0, instance:com.sevenrmart.qa.testcases.VerifyLoginPageTest@2fd66ad3]" name="beforeTest" is-config="true" duration-ms="1" started-at="2022-06-07T07:01:43 GST" finished-at="2022-06-07T07:01:43 GST">
          <reporter-output>
          </reporter-output>
        </test-method> <!-- beforeTest -->
        <test-method status="PASS" signature="setUp(java.lang.String)[pri:0, instance:com.sevenrmart.qa.testcases.VerifyLoginPageTest@2fd66ad3]" name="setUp" is-config="true" duration-ms="20172" started-at="2022-06-07T07:01:43 GST" finished-at="2022-06-07T07:02:03 GST">
          <params>
            <param index="0">
              <value>
                <![CDATA[chrome]]>
              </value>
            </param>
          </params>
          <reporter-output>
          </reporter-output>
        </test-method> <!-- setUp -->
        <test-method status="PASS" signature="f()[pri:0, instance:com.sevenrmart.qa.testcases.VerifyLoginPageTest@2fd66ad3]" name="f" duration-ms="5" started-at="2022-06-07T07:02:03 GST" finished-at="2022-06-07T07:02:03 GST">
          <reporter-output>
          </reporter-output>
        </test-method> <!-- f -->
        <test-method status="PASS" signature="takeScreenShotOnFailure(org.testng.ITestResult)[pri:0, instance:com.sevenrmart.qa.testcases.VerifyLoginPageTest@2fd66ad3]" name="takeScreenShotOnFailure" is-config="true" duration-ms="1" started-at="2022-06-07T07:02:03 GST" finished-at="2022-06-07T07:02:03 GST">
          <params>
            <param index="0">
              <value>
                <![CDATA[[TestResult name=f status=SUCCESS method=BasePageTest.f()[pri:0, instance:com.sevenrmart.qa.testcases.VerifyLoginPageTest@2fd66ad3] output={null}]]]>
              </value>
            </param>
          </params>
          <reporter-output>
          </reporter-output>
        </test-method> <!-- takeScreenShotOnFailure -->
        <test-method status="PASS" signature="loginAction(java.lang.String,java.lang.String)[pri:1, instance:com.sevenrmart.qa.testcases.VerifyLoginPageTest@2fd66ad3]" name="loginAction" duration-ms="3211" started-at="2022-06-07T07:02:03 GST" data-provider="userData" finished-at="2022-06-07T07:02:06 GST">
          <params>
            <param index="0">
              <value>
                <![CDATA[admin]]>
              </value>
            </param>
            <param index="1">
              <value>
                <![CDATA[admin]]>
              </value>
            </param>
          </params>
          <reporter-output>
          </reporter-output>
        </test-method> <!-- loginAction -->
        <test-method status="PASS" signature="takeScreenShotOnFailure(org.testng.ITestResult)[pri:0, instance:com.sevenrmart.qa.testcases.VerifyLoginPageTest@2fd66ad3]" name="takeScreenShotOnFailure" is-config="true" duration-ms="1" started-at="2022-06-07T07:02:06 GST" finished-at="2022-06-07T07:02:06 GST">
          <params>
            <param index="0">
              <value>
                <![CDATA[[TestResult name=loginAction status=SUCCESS method=VerifyLoginPageTest.loginAction(java.lang.String,java.lang.String)[pri:1, instance:com.sevenrmart.qa.testcases.VerifyLoginPageTest@2fd66ad3] output={null}]]]>
              </value>
            </param>
          </params>
          <reporter-output>
          </reporter-output>
        </test-method> <!-- takeScreenShotOnFailure -->
        <test-method status="PASS" signature="afterTest()[pri:0, instance:com.sevenrmart.qa.testcases.VerifyLoginPageTest@2fd66ad3]" name="afterTest" is-config="true" duration-ms="2" started-at="2022-06-07T07:02:06 GST" finished-at="2022-06-07T07:02:06 GST">
          <reporter-output>
          </reporter-output>
        </test-method> <!-- afterTest -->
      </class> <!-- com.sevenrmart.qa.testcases.VerifyLoginPageTest -->
    </test> <!-- Test2 -->
  </suite> <!-- Suite -->
</testng-results>
