<?xml version="1.0" encoding="UTF-8"?>
<testng-results skipped="0" failed="0" ignored="0" total="8" passed="8">
  <reporter-output>
  </reporter-output>
  <suite name="Default suite" duration-ms="50321" started-at="2022-06-16T20:03:31 GST" finished-at="2022-06-16T20:04:21 GST">
    <groups>
    </groups>
    <test name="Default test" duration-ms="50321" started-at="2022-06-16T20:03:31 GST" finished-at="2022-06-16T20:04:21 GST">
      <class name="com.sevenrmart.qa.testcases.VerifyExpenceCategoryPageTest">
        <test-method status="PASS" signature="setUp(java.lang.String)[pri:0, instance:com.sevenrmart.qa.testcases.VerifyExpenceCategoryPageTest@17d0685f]" name="setUp" is-config="true" duration-ms="34715" started-at="2022-06-16T20:03:31 GST" finished-at="2022-06-16T20:04:06 GST">
          <params>
            <param index="0">
              <value>
                <![CDATA[chrome]]>
              </value>
            </param>
          </params>
          <reporter-output>
          </reporter-output>
        </test-method> <!-- setUp -->
        <test-method status="PASS" signature="f()[pri:0, instance:com.sevenrmart.qa.testcases.VerifyExpenceCategoryPageTest@17d0685f]" name="f" duration-ms="14" started-at="2022-06-16T20:04:06 GST" finished-at="2022-06-16T20:04:06 GST">
          <reporter-output>
          </reporter-output>
        </test-method> <!-- f -->
        <test-method status="PASS" signature="takeScreenShotOnFailure(org.testng.ITestResult)[pri:0, instance:com.sevenrmart.qa.testcases.VerifyExpenceCategoryPageTest@17d0685f]" name="takeScreenShotOnFailure" is-config="true" duration-ms="2" started-at="2022-06-16T20:04:06 GST" finished-at="2022-06-16T20:04:06 GST">
          <params>
            <param index="0">
              <value>
                <![CDATA[[TestResult name=f status=SUCCESS method=BasePageTest.f()[pri:0, instance:com.sevenrmart.qa.testcases.VerifyExpenceCategoryPageTest@17d0685f] output={null}]]]>
              </value>
            </param>
          </params>
          <reporter-output>
          </reporter-output>
        </test-method> <!-- takeScreenShotOnFailure -->
        <test-method status="PASS" signature="beforeTest(java.lang.String,java.lang.String)[pri:1, instance:com.sevenrmart.qa.testcases.VerifyExpenceCategoryPageTest@17d0685f]" name="beforeTest" duration-ms="4532" started-at="2022-06-16T20:04:11 GST" data-provider="userData" finished-at="2022-06-16T20:04:15 GST">
          <params>
            <param index="0">
              <value>
                <![CDATA[admin]]>
              </value>
            </param>
            <param index="1">
              <value>
                <![CDATA[admin]]>
              </value>
            </param>
          </params>
          <reporter-output>
          </reporter-output>
        </test-method> <!-- beforeTest -->
        <test-method status="PASS" signature="takeScreenShotOnFailure(org.testng.ITestResult)[pri:0, instance:com.sevenrmart.qa.testcases.VerifyExpenceCategoryPageTest@17d0685f]" name="takeScreenShotOnFailure" is-config="true" duration-ms="1" started-at="2022-06-16T20:04:15 GST" finished-at="2022-06-16T20:04:15 GST">
          <params>
            <param index="0">
              <value>
                <![CDATA[[TestResult name=beforeTest status=SUCCESS method=VerifyExpenceCategoryPageTest.beforeTest(java.lang.String,java.lang.String)[pri:1, instance:com.sevenrmart.qa.testcases.VerifyExpenceCategoryPageTest@17d0685f] output={null}]]]>
              </value>
            </param>
          </params>
          <reporter-output>
          </reporter-output>
        </test-method> <!-- takeScreenShotOnFailure -->
        <test-method status="PASS" signature="openManageExpense()[pri:2, instance:com.sevenrmart.qa.testcases.VerifyExpenceCategoryPageTest@17d0685f]" name="openManageExpense" duration-ms="537" started-at="2022-06-16T20:04:15 GST" finished-at="2022-06-16T20:04:16 GST">
          <reporter-output>
          </reporter-output>
        </test-method> <!-- openManageExpense -->
        <test-method status="PASS" signature="takeScreenShotOnFailure(org.testng.ITestResult)[pri:0, instance:com.sevenrmart.qa.testcases.VerifyExpenceCategoryPageTest@17d0685f]" name="takeScreenShotOnFailure" is-config="true" duration-ms="1" started-at="2022-06-16T20:04:16 GST" finished-at="2022-06-16T20:04:16 GST">
          <params>
            <param index="0">
              <value>
                <![CDATA[[TestResult name=openManageExpense status=SUCCESS method=VerifyExpenceCategoryPageTest.openManageExpense()[pri:2, instance:com.sevenrmart.qa.testcases.VerifyExpenceCategoryPageTest@17d0685f] output={null}]]]>
              </value>
            </param>
          </params>
          <reporter-output>
          </reporter-output>
        </test-method> <!-- takeScreenShotOnFailure -->
        <test-method status="PASS" signature="clickExpenseCategory()[pri:3, instance:com.sevenrmart.qa.testcases.VerifyExpenceCategoryPageTest@17d0685f]" name="clickExpenseCategory" duration-ms="1127" started-at="2022-06-16T20:04:16 GST" finished-at="2022-06-16T20:04:17 GST">
          <reporter-output>
          </reporter-output>
        </test-method> <!-- clickExpenseCategory -->
        <test-method status="PASS" signature="takeScreenShotOnFailure(org.testng.ITestResult)[pri:0, instance:com.sevenrmart.qa.testcases.VerifyExpenceCategoryPageTest@17d0685f]" name="takeScreenShotOnFailure" is-config="true" duration-ms="2" started-at="2022-06-16T20:04:17 GST" finished-at="2022-06-16T20:04:17 GST">
          <params>
            <param index="0">
              <value>
                <![CDATA[[TestResult name=clickExpenseCategory status=SUCCESS method=VerifyExpenceCategoryPageTest.clickExpenseCategory()[pri:3, instance:com.sevenrmart.qa.testcases.VerifyExpenceCategoryPageTest@17d0685f] output={null}]]]>
              </value>
            </param>
          </params>
          <reporter-output>
          </reporter-output>
        </test-method> <!-- takeScreenShotOnFailure -->
        <test-method status="PASS" signature="addNewCategory()[pri:4, instance:com.sevenrmart.qa.testcases.VerifyExpenceCategoryPageTest@17d0685f]" name="addNewCategory" duration-ms="1190" started-at="2022-06-16T20:04:17 GST" finished-at="2022-06-16T20:04:18 GST">
          <reporter-output>
          </reporter-output>
        </test-method> <!-- addNewCategory -->
        <test-method status="PASS" signature="takeScreenShotOnFailure(org.testng.ITestResult)[pri:0, instance:com.sevenrmart.qa.testcases.VerifyExpenceCategoryPageTest@17d0685f]" name="takeScreenShotOnFailure" is-config="true" duration-ms="0" started-at="2022-06-16T20:04:18 GST" finished-at="2022-06-16T20:04:18 GST">
          <params>
            <param index="0">
              <value>
                <![CDATA[[TestResult name=addNewCategory status=SUCCESS method=VerifyExpenceCategoryPageTest.addNewCategory()[pri:4, instance:com.sevenrmart.qa.testcases.VerifyExpenceCategoryPageTest@17d0685f] output={null}]]]>
              </value>
            </param>
          </params>
          <reporter-output>
          </reporter-output>
        </test-method> <!-- takeScreenShotOnFailure -->
        <test-method status="PASS" signature="addDuplicateCategory()[pri:5, instance:com.sevenrmart.qa.testcases.VerifyExpenceCategoryPageTest@17d0685f]" name="addDuplicateCategory" duration-ms="811" started-at="2022-06-16T20:04:18 GST" finished-at="2022-06-16T20:04:19 GST">
          <reporter-output>
          </reporter-output>
        </test-method> <!-- addDuplicateCategory -->
        <test-method status="PASS" signature="takeScreenShotOnFailure(org.testng.ITestResult)[pri:0, instance:com.sevenrmart.qa.testcases.VerifyExpenceCategoryPageTest@17d0685f]" name="takeScreenShotOnFailure" is-config="true" duration-ms="1" started-at="2022-06-16T20:04:19 GST" finished-at="2022-06-16T20:04:19 GST">
          <params>
            <param index="0">
              <value>
                <![CDATA[[TestResult name=addDuplicateCategory status=SUCCESS method=VerifyExpenceCategoryPageTest.addDuplicateCategory()[pri:5, instance:com.sevenrmart.qa.testcases.VerifyExpenceCategoryPageTest@17d0685f] output={null}]]]>
              </value>
            </param>
          </params>
          <reporter-output>
          </reporter-output>
        </test-method> <!-- takeScreenShotOnFailure -->
        <test-method status="PASS" signature="searchCategory()[pri:6, instance:com.sevenrmart.qa.testcases.VerifyExpenceCategoryPageTest@17d0685f]" name="searchCategory" duration-ms="794" started-at="2022-06-16T20:04:19 GST" finished-at="2022-06-16T20:04:20 GST">
          <reporter-output>
          </reporter-output>
        </test-method> <!-- searchCategory -->
        <test-method status="PASS" signature="takeScreenShotOnFailure(org.testng.ITestResult)[pri:0, instance:com.sevenrmart.qa.testcases.VerifyExpenceCategoryPageTest@17d0685f]" name="takeScreenShotOnFailure" is-config="true" duration-ms="0" started-at="2022-06-16T20:04:20 GST" finished-at="2022-06-16T20:04:20 GST">
          <params>
            <param index="0">
              <value>
                <![CDATA[[TestResult name=searchCategory status=SUCCESS method=VerifyExpenceCategoryPageTest.searchCategory()[pri:6, instance:com.sevenrmart.qa.testcases.VerifyExpenceCategoryPageTest@17d0685f] output={null}]]]>
              </value>
            </param>
          </params>
          <reporter-output>
          </reporter-output>
        </test-method> <!-- takeScreenShotOnFailure -->
        <test-method status="PASS" signature="deleteCategory()[pri:7, instance:com.sevenrmart.qa.testcases.VerifyExpenceCategoryPageTest@17d0685f]" name="deleteCategory" duration-ms="1249" started-at="2022-06-16T20:04:20 GST" finished-at="2022-06-16T20:04:21 GST">
          <reporter-output>
          </reporter-output>
        </test-method> <!-- deleteCategory -->
        <test-method status="PASS" signature="takeScreenShotOnFailure(org.testng.ITestResult)[pri:0, instance:com.sevenrmart.qa.testcases.VerifyExpenceCategoryPageTest@17d0685f]" name="takeScreenShotOnFailure" is-config="true" duration-ms="1" started-at="2022-06-16T20:04:21 GST" finished-at="2022-06-16T20:04:21 GST">
          <params>
            <param index="0">
              <value>
                <![CDATA[[TestResult name=deleteCategory status=SUCCESS method=VerifyExpenceCategoryPageTest.deleteCategory()[pri:7, instance:com.sevenrmart.qa.testcases.VerifyExpenceCategoryPageTest@17d0685f] output={null}]]]>
              </value>
            </param>
          </params>
          <reporter-output>
          </reporter-output>
        </test-method> <!-- takeScreenShotOnFailure -->
        <test-method status="PASS" signature="afterTest()[pri:0, instance:com.sevenrmart.qa.testcases.VerifyExpenceCategoryPageTest@17d0685f]" name="afterTest" is-config="true" duration-ms="2" started-at="2022-06-16T20:04:21 GST" finished-at="2022-06-16T20:04:21 GST">
          <reporter-output>
          </reporter-output>
        </test-method> <!-- afterTest -->
      </class> <!-- com.sevenrmart.qa.testcases.VerifyExpenceCategoryPageTest -->
    </test> <!-- Default test -->
  </suite> <!-- Default suite -->
</testng-results>
